<?xml version="1.0" encoding="UTF-8"?>
<testsuite xmlns:xsi="http://www.w3.org/2001/XMLSchema-instance" xsi:noNamespaceSchemaLocation="https://maven.apache.org/surefire/maven-surefire-plugin/xsd/surefire-test-report.xsd" name="ru.netology.radio.RadioTest" time="0.451" tests="16" errors="0" skipped="0" failures="4">
  <properties>
[...]
</properties>
  <testcase name="shouldNextRadioStation" classname="ru.netology.radio.RadioTest" time="0.321"/>
  <testcase name="souldPrevRadioStation2" classname="ru.netology.radio.RadioTest" time="0"/>
  <testcase name="shouldsetRadioStation1" classname="ru.netology.radio.RadioTest" time="0"/>
  <testcase name="shouldsetRadioStation2" classname="ru.netology.radio.RadioTest" time="0"/>
  <testcase name="shouldsetRadioStation3" classname="ru.netology.radio.RadioTest" time="0.015"/>
  <testcase name="shouldsetRadioStation4" classname="ru.netology.radio.RadioTest" time="0.052">
    <failure message="expected: &lt;0&gt; but was: &lt;10&gt;" type="org.opentest4j.AssertionFailedError"><![CDATA[org.opentest4j.AssertionFailedError: expected: <0> but was: <10>
	at ru.netology.radio.RadioTest.shouldsetRadioStation4(RadioTest.java:102)
]]></failure>
  </testcase>
  <testcase name="shouldsetRadioStation5" classname="ru.netology.radio.RadioTest" time="0">
    <failure message="expected: &lt;0&gt; but was: &lt;-1&gt;" type="org.opentest4j.AssertionFailedError"><![CDATA[org.opentest4j.AssertionFailedError: expected: <0> but was: <-1>
	at ru.netology.radio.RadioTest.shouldsetRadioStation5(RadioTest.java:114)
]]></failure>
  </testcase>
  <testcase name="setVolume1" classname="ru.netology.radio.RadioTest" time="0"/>
  <testcase name="shouldincreaseVolume1" classname="ru.netology.radio.RadioTest" time="0"/>
  <testcase name="shouldincreaseVolume2" classname="ru.netology.radio.RadioTest" time="0">
    <failure message="expected: &lt;10&gt; but was: &lt;11&gt;" type="org.opentest4j.AssertionFailedError"><![CDATA[org.opentest4j.AssertionFailedError: expected: <10> but was: <11>
	at ru.netology.radio.RadioTest.shouldincreaseVolume2(RadioTest.java:141)
]]></failure>
  </testcase>
  <testcase name="shouldincreaseVolume3" classname="ru.netology.radio.RadioTest" time="0">
    <failure message="expected: &lt;10&gt; but was: &lt;16&gt;" type="org.opentest4j.AssertionFailedError"><![CDATA[org.opentest4j.AssertionFailedError: expected: <10> but was: <16>
	at ru.netology.radio.RadioTest.shouldincreaseVolume3(RadioTest.java:153)
]]></failure>
  </testcase>
  <testcase name="shouldPrevRadioStation" classname="ru.netology.radio.RadioTest" time="0"/>
  <testcase name="shouldNextRadioStation2" classname="ru.netology.radio.RadioTest" time="0"/>
  <testcase name="shouldreduceVolume1" classname="ru.netology.radio.RadioTest" time="0"/>
  <testcase name="shouldreduceVolume2" classname="ru.netology.radio.RadioTest" time="0"/>
  <testcase name="shouldreduceVolume3" classname="ru.netology.radio.RadioTest" time="0"/>
</testsuite>