<?xml version="1.0" encoding="UTF-8"?>
<testsuite xmlns:xsi="http://www.w3.org/2001/XMLSchema-instance" xsi:noNamespaceSchemaLocation="https://maven.apache.org/surefire/maven-surefire-plugin/xsd/surefire-test-report.xsd" name="ru.netology.radio.RadioTest" time="0.097" tests="17" errors="0" skipped="0" failures="0">
  <properties>
[...]
</properties>
  <testcase name="shouldNextRadioStation" classname="ru.netology.radio.RadioTest" time="0.03"/>
  <testcase name="souldPrevRadioStation2" classname="ru.netology.radio.RadioTest" time="0.001"/>
  <testcase name="shouldsetRadioStation1" classname="ru.netology.radio.RadioTest" time="0.003"/>
  <testcase name="shouldsetRadioStation2" classname="ru.netology.radio.RadioTest" time="0"/>
  <testcase name="shouldsetRadioStation3" classname="ru.netology.radio.RadioTest" time="0.003"/>
  <testcase name="shouldsetRadioStation4" classname="ru.netology.radio.RadioTest" time="0.001"/>
  <testcase name="shouldsetRadioStation5" classname="ru.netology.radio.RadioTest" time="0.001"/>
  <testcase name="setVolume1" classname="ru.netology.radio.RadioTest" time="0.002"/>
  <testcase name="setVolume2" classname="ru.netology.radio.RadioTest" time="0.004"/>
  <testcase name="setVolume3" classname="ru.netology.radio.RadioTest" time="0.001"/>
  <testcase name="shouldincreaseVolume1" classname="ru.netology.radio.RadioTest" time="0.002"/>
  <testcase name="shouldincreaseVolume2" classname="ru.netology.radio.RadioTest" time="0.002"/>
  <testcase name="shouldincreaseVolume3" classname="ru.netology.radio.RadioTest" time="0.002"/>
  <testcase name="shouldPrevRadioStation" classname="ru.netology.radio.RadioTest" time="0"/>
  <testcase name="shouldNextRadioStation2" classname="ru.netology.radio.RadioTest" time="0.002"/>
  <testcase name="shouldreduceVolume1" classname="ru.netology.radio.RadioTest" time="0.001"/>
  <testcase name="shouldreduceVolume2" classname="ru.netology.radio.RadioTest" time="0.002"/>
</testsuite>